<?xml version="1.0" encoding="UTF-8"?>
<testng-results ignored="0" total="2" passed="2" failed="0" skipped="0">
  <reporter-output>
  </reporter-output>
  <suite started-at="2018-09-20T05:32:51Z" name="Default suite" finished-at="2018-09-20T05:33:14Z" duration-ms="23212">
    <groups>
    </groups>
    <test started-at="2018-09-20T05:32:51Z" name="Default test" finished-at="2018-09-20T05:33:14Z" duration-ms="23212">
      <class name="com.crm.qa.testcases.Log4jTest">
        <test-method is-config="true" signature="setUp()[pri:0, instance:com.crm.qa.testcases.Log4jTest@7d4f9aae]" started-at="2018-09-20T05:32:51Z" name="setUp" finished-at="2018-09-20T05:33:01Z" duration-ms="10401" status="PASS">
          <reporter-output>
          </reporter-output>
        </test-method> <!-- setUp -->
        <test-method signature="crmLogoTest()[pri:0, instance:com.crm.qa.testcases.Log4jTest@7d4f9aae]" started-at="2018-09-20T05:33:01Z" name="crmLogoTest" finished-at="2018-09-20T05:33:02Z" duration-ms="167" status="PASS">
          <reporter-output>
          </reporter-output>
        </test-method> <!-- crmLogoTest -->
        <test-method is-config="true" signature="setUp()[pri:0, instance:com.crm.qa.testcases.Log4jTest@7d4f9aae]" started-at="2018-09-20T05:33:02Z" name="setUp" finished-at="2018-09-20T05:33:14Z" duration-ms="12520" status="PASS">
          <reporter-output>
          </reporter-output>
        </test-method> <!-- setUp -->
        <test-method signature="loginPageTiltleTest()[pri:0, instance:com.crm.qa.testcases.Log4jTest@7d4f9aae]" started-at="2018-09-20T05:33:14Z" name="loginPageTiltleTest" finished-at="2018-09-20T05:33:14Z" duration-ms="72" status="PASS">
          <reporter-output>
          </reporter-output>
        </test-method> <!-- loginPageTiltleTest -->
      </class> <!-- com.crm.qa.testcases.Log4jTest -->
    </test> <!-- Default test -->
  </suite> <!-- Default suite -->
</testng-results>
